This file contains any messages produced by compilers while
running configure, to aid debugging if configure makes a mistake.

It was created by newlib configure 4.1.0, which was
generated by GNU Autoconf 2.68.  Invocation command line was

  $ ../../newlib-cygwin/newlib/configure CC=gcc CC_FOR_BUILD=gcc --target=x86_64-elf --disable-multilib --disable-newlib-multithread

## --------- ##
## Platform. ##
## --------- ##

hostname = yutarofire-pc
uname -m = x86_64
uname -r = 5.10.30-1-MANJARO
uname -s = Linux
uname -v = #1 SMP Wed Apr 14 08:07:27 UTC 2021

/usr/bin/uname -p = unknown
/bin/uname -X     = unknown

/bin/arch              = unknown
/usr/bin/arch -k       = unknown
/usr/convex/getsysinfo = unknown
/usr/bin/hostinfo      = unknown
/bin/machine           = unknown
/usr/bin/oslevel       = unknown
/bin/universe          = unknown

PATH: /home/yutarofire/.nodenv/shims
PATH: /home/yutarofire/.nodenv/bin
PATH: /home/yutarofire/.local/bin
PATH: /usr/local/bin
PATH: /usr/bin
PATH: /bin
PATH: /usr/local/sbin
PATH: /usr/lib/jvm/default/bin
PATH: /usr/bin/site_perl
PATH: /usr/bin/vendor_perl
PATH: /usr/bin/core_perl
PATH: /var/lib/snapd/snap/bin


## ----------- ##
## Core tests. ##
## ----------- ##

configure:2540: checking build system type
configure:2554: result: x86_64-pc-linux-gnu
configure:2574: checking host system type
configure:2587: result: x86_64-pc-linux-gnu
configure:2623: checking for a BSD-compatible install
configure:2691: result: /usr/bin/install -c
configure:2702: checking whether build environment is sane
configure:2752: result: yes
configure:2893: checking for a thread-safe mkdir -p
configure:2932: result: /usr/bin/mkdir -p
configure:2945: checking for gawk
configure:2961: found /usr/bin/gawk
configure:2972: result: gawk
configure:2983: checking whether make sets $(MAKE)
configure:3005: result: yes
configure:3035: checking for style of include used by make
configure:3063: result: GNU
configure:3285: checking for gcc
configure:3312: result: gcc
configure:3323: checking dependency style of gcc
configure:3434: result: gcc3
configure:3507: checking whether we are using GNU C
configure:3518: gcc -E conftest.c
configure:3521: $? = 0
configure:3528: result: yes
configure:3537: checking whether gcc accepts -g
configure:3557: gcc -c -g  conftest.c >&5
configure:3557: $? = 0
configure: failed program was:
| /* confdefs.h */
| #define PACKAGE_NAME "newlib"
| #define PACKAGE_TARNAME "newlib"
| #define PACKAGE_VERSION "4.1.0"
| #define PACKAGE_STRING "newlib 4.1.0"
| #define PACKAGE_BUGREPORT ""
| #define PACKAGE_URL ""
| /* end confdefs.h.  */
| 
| int
| main ()
| {
| 
|   ;
|   return 0;
| }
configure:3572: gcc -c   conftest.c >&5
configure:3572: $? = 0
configure: failed program was:
| /* confdefs.h */
| #define PACKAGE_NAME "newlib"
| #define PACKAGE_TARNAME "newlib"
| #define PACKAGE_VERSION "4.1.0"
| #define PACKAGE_STRING "newlib 4.1.0"
| #define PACKAGE_BUGREPORT ""
| #define PACKAGE_URL ""
| /* end confdefs.h.  */
| 
| int
| main ()
| {
| 
|   ;
|   return 0;
| }
configure:3588: gcc -c -g  conftest.c >&5
configure:3588: $? = 0
configure: failed program was:
| /* confdefs.h */
| #define PACKAGE_NAME "newlib"
| #define PACKAGE_TARNAME "newlib"
| #define PACKAGE_VERSION "4.1.0"
| #define PACKAGE_STRING "newlib 4.1.0"
| #define PACKAGE_BUGREPORT ""
| #define PACKAGE_URL ""
| /* end confdefs.h.  */
| 
| int
| main ()
| {
| 
|   ;
|   return 0;
| }
configure:3598: result: no
configure:3671: checking for as
configure:3687: found /usr/bin/as
configure:3698: result: as
configure:3763: checking for ar
configure:3779: found /usr/bin/ar
configure:3790: result: ar
configure:3855: checking for ranlib
configure:3871: found /usr/bin/ranlib
configure:3882: result: ranlib
configure:3947: checking for readelf
configure:3963: found /usr/bin/readelf
configure:3974: result: readelf
configure:4003: checking whether to enable maintainer-specific portions of Makefiles
configure:4012: result: no
configure:4127: checking for a sed that does not truncate output
configure:4191: result: /usr/bin/sed
configure:4213: checking how to print strings
configure:4240: result: printf
configure:4265: checking for gawk
configure:4292: result: gawk
configure:12636: checking for .preinit_array/.init_array/.fini_array support
configure:12649: gcc -O2  -c -o conftest conftest.c
							1>&5
configure:12652: $? = 0
configure:12665: result: yes
configure:12676: checking if gcc accepts -fno-tree-loop-distribute-patterns with __attribute__ ((__optimize__))
configure:12690: gcc -O2  -c
			    -fno-tree-loop-distribute-patterns conftest.c
configure:12693: $? = 0
configure:12700: result: yes
configure:12708: checking whether long double type exists
configure:12728: gcc -O2  -c -o conftest.o conftest.c
							1>&5
configure:12731: $? = 0
configure:12740: result: yes
configure:12757: checking whether long double equals double
configure:12773: gcc -O2  -c -o conftest.o conftest.c
							1>&5
conftest.c:5:4: error: #error "LDBL != DBL"
    5 |   #error "LDBL != DBL"
      |    ^~~~~
configure:12776: $? = 1
configure:12785: result: no
configure:12976: creating ./config.status

## ---------------------- ##
## Running config.status. ##
## ---------------------- ##

This file was extended by newlib config.status 4.1.0, which was
generated by GNU Autoconf 2.68.  Invocation command line was

  CONFIG_FILES    = 
  CONFIG_HEADERS  = 
  CONFIG_LINKS    = 
  CONFIG_COMMANDS = 
  $ ./config.status 

on yutarofire-pc

config.status:1145: creating Makefile
config.status:1145: creating _newlib_version.h
config.status:1145: creating newlib.h
config.status:1359: executing depfiles commands
configure:15296: === configuring in libc (/home/yutarofire/dev/taros/buid_newlib/libc)
configure:15359: running /bin/sh ../../../newlib-cygwin/newlib/libc/configure --disable-option-checking '--prefix=/usr/local'  'CC=gcc' 'CC_FOR_BUILD=gcc' '--target=x86_64-elf' '--disable-multilib' '--disable-newlib-multithread' 'target_alias=x86_64-elf' --cache-file=/dev/null --srcdir=../../../newlib-cygwin/newlib/libc
configure:15296: === configuring in libm (/home/yutarofire/dev/taros/buid_newlib/libm)
configure:15359: running /bin/sh ../../../newlib-cygwin/newlib/libm/configure --disable-option-checking '--prefix=/usr/local'  'CC=gcc' 'CC_FOR_BUILD=gcc' '--target=x86_64-elf' '--disable-multilib' '--disable-newlib-multithread' 'target_alias=x86_64-elf' --cache-file=/dev/null --srcdir=../../../newlib-cygwin/newlib/libm
configure:15296: === configuring in doc (/home/yutarofire/dev/taros/buid_newlib/doc)
configure:15359: running /bin/sh ../../../newlib-cygwin/newlib/doc/configure --disable-option-checking '--prefix=/usr/local'  'CC=gcc' 'CC_FOR_BUILD=gcc' '--target=x86_64-elf' '--disable-multilib' '--disable-newlib-multithread' 'target_alias=x86_64-elf' --cache-file=/dev/null --srcdir=../../../newlib-cygwin/newlib/doc

## ---------------- ##
## Cache variables. ##
## ---------------- ##

ac_cv_build=x86_64-pc-linux-gnu
ac_cv_c_compiler_gnu=yes
ac_cv_env_CCASFLAGS_set=
ac_cv_env_CCASFLAGS_value=
ac_cv_env_CCAS_set=
ac_cv_env_CCAS_value=
ac_cv_env_CC_set=set
ac_cv_env_CC_value=gcc
ac_cv_env_CFLAGS_set=
ac_cv_env_CFLAGS_value=
ac_cv_env_CPPFLAGS_set=
ac_cv_env_CPPFLAGS_value=
ac_cv_env_CPP_set=
ac_cv_env_CPP_value=
ac_cv_env_LDFLAGS_set=
ac_cv_env_LDFLAGS_value=
ac_cv_env_LIBS_set=
ac_cv_env_LIBS_value=
ac_cv_env_build_alias_set=
ac_cv_env_build_alias_value=
ac_cv_env_host_alias_set=
ac_cv_env_host_alias_value=
ac_cv_env_target_alias_set=set
ac_cv_env_target_alias_value=x86_64-elf
ac_cv_host=x86_64-pc-linux-gnu
ac_cv_path_SED=/usr/bin/sed
ac_cv_path_install='/usr/bin/install -c'
ac_cv_path_mkdir=/usr/bin/mkdir
ac_cv_prog_AWK=gawk
ac_cv_prog_CC=gcc
ac_cv_prog_ac_ct_AR=ar
ac_cv_prog_ac_ct_AS=as
ac_cv_prog_ac_ct_RANLIB=ranlib
ac_cv_prog_ac_ct_READELF=readelf
ac_cv_prog_cc_g=no
ac_cv_prog_make_make_set=yes
acnewlib_cv_type_long_double=yes
am_cv_CC_dependencies_compiler_type=gcc3
libc_cv_cc_loop_to_function=yes
libc_cv_initfinit_array=yes
newlib_cv_ldbl_eq_dbl=no

## ----------------- ##
## Output variables. ##
## ----------------- ##

ACLOCAL='${SHELL} /home/yutarofire/dev/newlib-cygwin/missing --run aclocal-1.11'
AMDEPBACKSLASH='\'
AMDEP_FALSE='#'
AMDEP_TRUE=''
AMTAR='$${TAR-tar}'
AR='ar'
AS='as'
AUTOCONF='${SHELL} /home/yutarofire/dev/newlib-cygwin/missing --run autoconf'
AUTOHEADER='${SHELL} /home/yutarofire/dev/newlib-cygwin/missing --run autoheader'
AUTOMAKE='${SHELL} /home/yutarofire/dev/newlib-cygwin/missing --run automake-1.11'
AWK='gawk'
CC='gcc'
CCAS='gcc'
CCASFLAGS='-O2'
CCDEPMODE='depmode=gcc3'
CC_FOR_BUILD='gcc'
CC_FOR_NEWLIB='gcc -I/home/yutarofire/dev/taros/buid_newlib/targ-include -I/home/yutarofire/dev/newlib-cygwin/newlib/libc/include'
CFLAGS='-O2'
CPP=''
CPPFLAGS=''
CRT0=''
CRT0_DIR=''
CRT1=''
CRT1_DIR=''
CYGPATH_W='echo'
DEFS='-DHAVE_CONFIG_H'
DEPDIR='.deps'
DLLTOOL=''
DSYMUTIL=''
DUMPBIN=''
ECHO_C=''
ECHO_N='-n'
ECHO_T=''
EGREP=''
ELIX_LEVEL_0_FALSE='#'
ELIX_LEVEL_0_TRUE=''
ELIX_LEVEL_1_FALSE=''
ELIX_LEVEL_1_TRUE='#'
ELIX_LEVEL_2_FALSE=''
ELIX_LEVEL_2_TRUE='#'
ELIX_LEVEL_3_FALSE=''
ELIX_LEVEL_3_TRUE='#'
ELIX_LEVEL_4_FALSE=''
ELIX_LEVEL_4_TRUE='#'
EXEEXT=''
EXTRA_DIRS=''
FGREP=''
GREP=''
HAVE_CRT0_FALSE=''
HAVE_CRT0_TRUE='#'
HAVE_DOC_FALSE='#'
HAVE_DOC_TRUE=''
HAVE_LONG_DOUBLE_FALSE='#'
HAVE_LONG_DOUBLE_TRUE=''
HAVE_MULTISUBDIR_FALSE=''
HAVE_MULTISUBDIR_TRUE='#'
INSTALL_DATA='${INSTALL} -m 644'
INSTALL_PROGRAM='${INSTALL}'
INSTALL_SCRIPT='${INSTALL}'
INSTALL_STRIP_PROGRAM='$(install_sh) -c -s'
LD=''
LDFLAGS=''
LIBM_MACHINE_OBJECTLIST='libm/machine/x86_64/objectlist.awk.in'
LIBOBJS=''
LIBS=''
LIBTOOL=''
LIPO=''
LN_S=''
LTLIBOBJS=''
MACHINE_OBJECTLIST='libc/machine/x86_64/objectlist.awk.in'
MAINT='#'
MAINTAINER_MODE_FALSE=''
MAINTAINER_MODE_TRUE='#'
MAKEINFO='${SHELL} /home/yutarofire/dev/newlib-cygwin/missing --run makeinfo'
MAY_SUPPLY_SYSCALLS_FALSE='#'
MAY_SUPPLY_SYSCALLS_TRUE=''
MKDIR_P='/usr/bin/mkdir -p'
NEWLIB_CFLAGS=' -fno-builtin -D__SINGLE_THREAD__ -DMISSING_SYSCALL_NAMES -DHAVE_INIT_FINI'
NEWLIB_HW_FP_FALSE=''
NEWLIB_HW_FP_TRUE='#'
NM=''
NMEDIT=''
NO_INCLUDE_LIST=' rpc/types.h rpc/xdr.h'
OBJDUMP=''
OBJEXT='o'
OTOOL64=''
OTOOL=''
PACKAGE='newlib'
PACKAGE_BUGREPORT=''
PACKAGE_NAME='newlib'
PACKAGE_STRING='newlib 4.1.0'
PACKAGE_TARNAME='newlib'
PACKAGE_URL=''
PACKAGE_VERSION='4.1.0'
PATH_SEPARATOR=':'
POSIX_OBJECTLIST=''
RANLIB='ranlib'
READELF='readelf'
SED='/usr/bin/sed'
SET_MAKE=''
SHELL='/bin/sh'
SIGNAL_OBJECTLIST='libc/signal/objectlist.awk.in'
STDIO64_OBJECTLIST=''
STRIP=''
SYSCALL_OBJECTLIST=''
SYS_MACH_OBJECTLIST=''
SYS_OBJECTLIST=''
UNIX_OBJECTLIST=''
USE_LIBTOOL_FALSE=''
USE_LIBTOOL_TRUE='#'
VERSION='4.1.0'
ac_ct_CC=''
ac_ct_DUMPBIN=''
aext='a'
am__EXEEXT_FALSE=''
am__EXEEXT_TRUE='#'
am__fastdepCC_FALSE='#'
am__fastdepCC_TRUE=''
am__include='include'
am__isrc=' -I$(srcdir)'
am__leading_dot='.'
am__nodep='_no'
am__quote=''
am__tar='$${TAR-tar} chof - "$$tardir"'
am__untar='$${TAR-tar} xf -'
bindir='${exec_prefix}/bin'
build='x86_64-pc-linux-gnu'
build_alias=''
build_cpu='x86_64'
build_os='linux-gnu'
build_vendor='pc'
datadir='${datarootdir}'
datarootdir='${prefix}/share'
docdir='${datarootdir}/doc/${PACKAGE_TARNAME}'
dvidir='${docdir}'
exec_prefix='${prefix}'
host='x86_64-pc-linux-gnu'
host_alias=''
host_cpu='x86_64'
host_os='linux-gnu'
host_vendor='pc'
htmldir='${docdir}'
includedir='${prefix}/include'
infodir='${datarootdir}/info'
install_sh='${SHELL} /home/yutarofire/dev/newlib-cygwin/install-sh'
libc_cv_cc_loop_to_function='yes'
libc_cv_initfinit_array='yes'
libdir='${exec_prefix}/lib'
libexecdir='${exec_prefix}/libexec'
libm_machine_dir='x86_64'
localedir='${datarootdir}/locale'
localstatedir='${prefix}/var'
lpfx='lib_a-'
machine_dir='x86_64'
mandir='${datarootdir}/man'
mkdir_p='/usr/bin/mkdir -p'
newlib_basedir='../../newlib-cygwin/newlib/.'
oext='o'
oldincludedir='/usr/include'
pdfdir='${docdir}'
prefix='/usr/local'
program_transform_name='s,x,x,'
psdir='${docdir}'
sbindir='${exec_prefix}/sbin'
shared_machine_dir='shared_x86'
sharedstatedir='${prefix}/com'
subdirs=' libc libm doc'
sys_dir=''
sysconfdir='${prefix}/etc'
target_alias='x86_64-elf'

## ----------- ##
## confdefs.h. ##
## ----------- ##

/* confdefs.h */
#define PACKAGE_NAME "newlib"
#define PACKAGE_TARNAME "newlib"
#define PACKAGE_VERSION "4.1.0"
#define PACKAGE_STRING "newlib 4.1.0"
#define PACKAGE_BUGREPORT ""
#define PACKAGE_URL ""
#define _REENT_CHECK_VERIFY 1
#define _MB_LEN_MAX 1
#define _NEWLIB_VERSION "4.1.0"
#define __NEWLIB__ 4
#define __NEWLIB_MINOR__ 1
#define __NEWLIB_PATCHLEVEL__ 0
#define _ATEXIT_DYNAMIC_ALLOC 1
#define _FVWRITE_IN_STREAMIO 1
#define _FSEEK_OPTIMIZATION 1
#define _WIDE_ORIENT 1
#define _UNBUF_STREAM_OPT 1
#define HAVE_INITFINI_ARRAY 1
#define _HAVE_CC_INHIBIT_LOOP_TO_LIBCALL 1
#define _HAVE_LONG_DOUBLE 1

configure: exit 0
