This file contains any messages produced by compilers while
running configure, to aid debugging if configure makes a mistake.

It was created by newlib configure 4.1.0, which was
generated by GNU Autoconf 2.68.  Invocation command line was

  $ ../../../newlib-cygwin/newlib/libc/configure --disable-option-checking --prefix=/usr/local CC=gcc CC_FOR_BUILD=gcc --target=x86_64-elf --disable-multilib --disable-newlib-multithread target_alias=x86_64-elf --cache-file=/dev/null --srcdir=../../../newlib-cygwin/newlib/libc

## --------- ##
## Platform. ##
## --------- ##

hostname = yutarofire-pc
uname -m = x86_64
uname -r = 5.10.30-1-MANJARO
uname -s = Linux
uname -v = #1 SMP Wed Apr 14 08:07:27 UTC 2021

/usr/bin/uname -p = unknown
/bin/uname -X     = unknown

/bin/arch              = unknown
/usr/bin/arch -k       = unknown
/usr/convex/getsysinfo = unknown
/usr/bin/hostinfo      = unknown
/bin/machine           = unknown
/usr/bin/oslevel       = unknown
/bin/universe          = unknown

PATH: /home/yutarofire/.nodenv/shims
PATH: /home/yutarofire/.nodenv/bin
PATH: /home/yutarofire/.local/bin
PATH: /usr/local/bin
PATH: /usr/bin
PATH: /bin
PATH: /usr/local/sbin
PATH: /usr/lib/jvm/default/bin
PATH: /usr/bin/site_perl
PATH: /usr/bin/vendor_perl
PATH: /usr/bin/core_perl
PATH: /var/lib/snapd/snap/bin


## ----------- ##
## Core tests. ##
## ----------- ##

configure:2287: checking build system type
configure:2301: result: x86_64-pc-linux-gnu
configure:2321: checking host system type
configure:2334: result: x86_64-pc-linux-gnu
configure:2370: checking for a BSD-compatible install
configure:2438: result: /usr/bin/install -c
configure:2449: checking whether build environment is sane
configure:2499: result: yes
configure:2640: checking for a thread-safe mkdir -p
configure:2679: result: /usr/bin/mkdir -p
configure:2692: checking for gawk
configure:2708: found /usr/bin/gawk
configure:2719: result: gawk
configure:2730: checking whether make sets $(MAKE)
configure:2752: result: yes
configure:2782: checking for style of include used by make
configure:2810: result: GNU
configure:3032: checking for gcc
configure:3059: result: gcc
configure:3070: checking dependency style of gcc
configure:3181: result: gcc3
configure:3254: checking whether we are using GNU C
configure:3265: gcc -E conftest.c
configure:3268: $? = 0
configure:3275: result: yes
configure:3284: checking whether gcc accepts -g
configure:3304: gcc -c -g  conftest.c >&5
configure:3304: $? = 0
configure: failed program was:
| /* confdefs.h */
| #define PACKAGE_NAME "newlib"
| #define PACKAGE_TARNAME "newlib"
| #define PACKAGE_VERSION "4.1.0"
| #define PACKAGE_STRING "newlib 4.1.0"
| #define PACKAGE_BUGREPORT ""
| #define PACKAGE_URL ""
| /* end confdefs.h.  */
| 
| int
| main ()
| {
| 
|   ;
|   return 0;
| }
configure:3319: gcc -c   conftest.c >&5
configure:3319: $? = 0
configure: failed program was:
| /* confdefs.h */
| #define PACKAGE_NAME "newlib"
| #define PACKAGE_TARNAME "newlib"
| #define PACKAGE_VERSION "4.1.0"
| #define PACKAGE_STRING "newlib 4.1.0"
| #define PACKAGE_BUGREPORT ""
| #define PACKAGE_URL ""
| /* end confdefs.h.  */
| 
| int
| main ()
| {
| 
|   ;
|   return 0;
| }
configure:3335: gcc -c -g  conftest.c >&5
configure:3335: $? = 0
configure: failed program was:
| /* confdefs.h */
| #define PACKAGE_NAME "newlib"
| #define PACKAGE_TARNAME "newlib"
| #define PACKAGE_VERSION "4.1.0"
| #define PACKAGE_STRING "newlib 4.1.0"
| #define PACKAGE_BUGREPORT ""
| #define PACKAGE_URL ""
| /* end confdefs.h.  */
| 
| int
| main ()
| {
| 
|   ;
|   return 0;
| }
configure:3345: result: no
configure:3418: checking for as
configure:3434: found /usr/bin/as
configure:3445: result: as
configure:3510: checking for ar
configure:3526: found /usr/bin/ar
configure:3537: result: ar
configure:3602: checking for ranlib
configure:3618: found /usr/bin/ranlib
configure:3629: result: ranlib
configure:3694: checking for readelf
configure:3710: found /usr/bin/readelf
configure:3721: result: readelf
configure:3750: checking whether to enable maintainer-specific portions of Makefiles
configure:3759: result: no
configure:3883: checking for a sed that does not truncate output
configure:3947: result: /usr/bin/sed
configure:3969: checking how to print strings
configure:3996: result: printf
configure:12090: checking Checking long double support
configure:12102: gcc -O2  -c conftest.c 1>&5
configure:12105: $? = 0
configure:12114: result: yes
configure:12389: creating ./config.status

## ---------------------- ##
## Running config.status. ##
## ---------------------- ##

This file was extended by newlib config.status 4.1.0, which was
generated by GNU Autoconf 2.68.  Invocation command line was

  CONFIG_FILES    = 
  CONFIG_HEADERS  = 
  CONFIG_LINKS    = 
  CONFIG_COMMANDS = 
  $ ./config.status 

on yutarofire-pc

config.status:1093: creating Makefile
config.status:1093: creating argz/Makefile
config.status:1093: creating ctype/Makefile
config.status:1093: creating errno/Makefile
config.status:1093: creating locale/Makefile
config.status:1093: creating misc/Makefile
config.status:1093: creating reent/Makefile
config.status:1093: creating search/Makefile
config.status:1093: creating stdio/Makefile
config.status:1093: creating stdio64/Makefile
config.status:1093: creating stdlib/Makefile
config.status:1093: creating string/Makefile
config.status:1093: creating time/Makefile
config.status:1093: creating posix/Makefile
config.status:1093: creating signal/Makefile
config.status:1093: creating syscalls/Makefile
config.status:1093: creating unix/Makefile
config.status:1093: creating iconv/Makefile
config.status:1093: creating iconv/ces/Makefile
config.status:1093: creating iconv/ccs/Makefile
config.status:1093: creating iconv/ccs/binary/Makefile
config.status:1093: creating iconv/lib/Makefile
config.status:1093: creating ssp/Makefile
config.status:1093: creating xdr/Makefile
config.status:1250: executing depfiles commands
configure:14531: === configuring in machine (/home/yutarofire/dev/taros/buid_newlib/libc/machine)
configure:14594: running /bin/sh ../../../../newlib-cygwin/newlib/libc/machine/configure --disable-option-checking '--prefix=/usr/local'  'CC=gcc' 'CC_FOR_BUILD=gcc' '--target=x86_64-elf' '--disable-multilib' '--disable-newlib-multithread' 'target_alias=x86_64-elf' --cache-file=/dev/null --srcdir=../../../../newlib-cygwin/newlib/libc/machine
configure:14531: === configuring in sys (/home/yutarofire/dev/taros/buid_newlib/libc/sys)
configure:14594: running /bin/sh ../../../../newlib-cygwin/newlib/libc/sys/configure --disable-option-checking '--prefix=/usr/local'  'CC=gcc' 'CC_FOR_BUILD=gcc' '--target=x86_64-elf' '--disable-multilib' '--disable-newlib-multithread' 'target_alias=x86_64-elf' --cache-file=/dev/null --srcdir=../../../../newlib-cygwin/newlib/libc/sys

## ---------------- ##
## Cache variables. ##
## ---------------- ##

ac_cv_build=x86_64-pc-linux-gnu
ac_cv_c_compiler_gnu=yes
ac_cv_env_CCASFLAGS_set=
ac_cv_env_CCASFLAGS_value=
ac_cv_env_CCAS_set=
ac_cv_env_CCAS_value=
ac_cv_env_CC_set=set
ac_cv_env_CC_value=gcc
ac_cv_env_CFLAGS_set=
ac_cv_env_CFLAGS_value=
ac_cv_env_CPPFLAGS_set=
ac_cv_env_CPPFLAGS_value=
ac_cv_env_CPP_set=
ac_cv_env_CPP_value=
ac_cv_env_LDFLAGS_set=
ac_cv_env_LDFLAGS_value=
ac_cv_env_LIBS_set=
ac_cv_env_LIBS_value=
ac_cv_env_build_alias_set=
ac_cv_env_build_alias_value=
ac_cv_env_host_alias_set=
ac_cv_env_host_alias_value=
ac_cv_env_target_alias_set=set
ac_cv_env_target_alias_value=x86_64-elf
ac_cv_host=x86_64-pc-linux-gnu
ac_cv_path_SED=/usr/bin/sed
ac_cv_path_install='/usr/bin/install -c'
ac_cv_path_mkdir=/usr/bin/mkdir
ac_cv_prog_AWK=gawk
ac_cv_prog_CC=gcc
ac_cv_prog_ac_ct_AR=ar
ac_cv_prog_ac_ct_AS=as
ac_cv_prog_ac_ct_RANLIB=ranlib
ac_cv_prog_ac_ct_READELF=readelf
ac_cv_prog_cc_g=no
ac_cv_prog_make_make_set=yes
acnewlib_cv_type_long_double=yes
am_cv_CC_dependencies_compiler_type=gcc3

## ----------------- ##
## Output variables. ##
## ----------------- ##

ACLOCAL='${SHELL} /home/yutarofire/dev/newlib-cygwin/missing --run aclocal-1.11'
AMDEPBACKSLASH='\'
AMDEP_FALSE='#'
AMDEP_TRUE=''
AMTAR='$${TAR-tar}'
AR='ar'
AS='as'
AUTOCONF='${SHELL} /home/yutarofire/dev/newlib-cygwin/missing --run autoconf'
AUTOHEADER='${SHELL} /home/yutarofire/dev/newlib-cygwin/missing --run autoheader'
AUTOMAKE='${SHELL} /home/yutarofire/dev/newlib-cygwin/missing --run automake-1.11'
AWK='gawk'
CC='gcc'
CCAS='gcc'
CCASFLAGS='-O2'
CCDEPMODE='depmode=gcc3'
CFLAGS='-O2'
CPP=''
CPPFLAGS=''
CRT0=''
CYGPATH_W='echo'
DEFS='-DPACKAGE_NAME=\"newlib\" -DPACKAGE_TARNAME=\"newlib\" -DPACKAGE_VERSION=\"4.1.0\" -DPACKAGE_STRING=\"newlib\ 4.1.0\" -DPACKAGE_BUGREPORT=\"\" -DPACKAGE_URL=\"\"'
DEPDIR='.deps'
DLLTOOL=''
DSYMUTIL=''
DUMPBIN=''
ECHO_C=''
ECHO_N='-n'
ECHO_T=''
EGREP=''
ELIX_LEVEL_0_FALSE='#'
ELIX_LEVEL_0_TRUE=''
ELIX_LEVEL_1_FALSE=''
ELIX_LEVEL_1_TRUE='#'
ELIX_LEVEL_2_FALSE=''
ELIX_LEVEL_2_TRUE='#'
ELIX_LEVEL_3_FALSE=''
ELIX_LEVEL_3_TRUE='#'
ELIX_LEVEL_4_FALSE=''
ELIX_LEVEL_4_TRUE='#'
ENABLE_NEWLIB_ICONV_FALSE=''
ENABLE_NEWLIB_ICONV_TRUE='#'
EXEEXT=''
FGREP=''
GREP=''
HAVE_LONG_DOUBLE_FALSE='#'
HAVE_LONG_DOUBLE_TRUE=''
HAVE_POSIX_DIR_FALSE=''
HAVE_POSIX_DIR_TRUE='#'
HAVE_SIGNAL_DIR_FALSE='#'
HAVE_SIGNAL_DIR_TRUE=''
HAVE_STDIO64_DIR_FALSE=''
HAVE_STDIO64_DIR_TRUE='#'
HAVE_STDIO_DIR_FALSE='#'
HAVE_STDIO_DIR_TRUE=''
HAVE_SYSCALL_DIR_FALSE=''
HAVE_SYSCALL_DIR_TRUE='#'
HAVE_UNIX_DIR_FALSE=''
HAVE_UNIX_DIR_TRUE='#'
HAVE_XDR_DIR_FALSE=''
HAVE_XDR_DIR_TRUE='#'
INSTALL_DATA='${INSTALL} -m 644'
INSTALL_PROGRAM='${INSTALL}'
INSTALL_SCRIPT='${INSTALL}'
INSTALL_STRIP_PROGRAM='$(install_sh) -c -s'
LD=''
LDFLAGS=''
LIBC_EXTRA_DEF=''
LIBC_EXTRA_LIB=''
LIBC_MACHINE_LIB='machine/lib.a'
LIBC_POSIX_DEF=''
LIBC_POSIX_LIB=''
LIBC_SIGNAL_DEF='signal/stmp-def'
LIBC_SIGNAL_LIB='signal/lib.a'
LIBC_STDIO64_DEF=''
LIBC_STDIO64_LIB=''
LIBC_STDIO_DEF='stdio/stmp-def'
LIBC_STDIO_LIB='stdio/lib.a'
LIBC_SYSCALL_LIB=''
LIBC_SYS_LIB=''
LIBC_UNIX_LIB=''
LIBC_XDR_DEF=''
LIBC_XDR_LIB=''
LIBOBJS=''
LIBS=''
LIBTOOL=''
LIPO=''
LN_S=''
LTLIBOBJS=''
MAINT='#'
MAINTAINER_MODE_FALSE=''
MAINTAINER_MODE_TRUE='#'
MAKEINFO='${SHELL} /home/yutarofire/dev/newlib-cygwin/missing --run makeinfo'
MAY_SUPPLY_SYSCALLS_FALSE='#'
MAY_SUPPLY_SYSCALLS_TRUE=''
MKDIR_P='/usr/bin/mkdir -p'
NEWLIB_CFLAGS=' -fno-builtin -D__SINGLE_THREAD__ -DMISSING_SYSCALL_NAMES -DHAVE_INIT_FINI'
NEWLIB_NANO_FORMATTED_IO_FALSE=''
NEWLIB_NANO_FORMATTED_IO_TRUE='#'
NEWLIB_NANO_MALLOC_FALSE=''
NEWLIB_NANO_MALLOC_TRUE='#'
NEWLIB_RETARGETABLE_LOCKING_FALSE=''
NEWLIB_RETARGETABLE_LOCKING_TRUE='#'
NM=''
NMEDIT=''
NO_INCLUDE_LIST=' rpc/types.h rpc/xdr.h'
OBJDUMP=''
OBJEXT='o'
OTOOL64=''
OTOOL=''
PACKAGE='newlib'
PACKAGE_BUGREPORT=''
PACKAGE_NAME='newlib'
PACKAGE_STRING='newlib 4.1.0'
PACKAGE_TARNAME='newlib'
PACKAGE_URL=''
PACKAGE_VERSION='4.1.0'
PATH_SEPARATOR=':'
RANLIB='ranlib'
READELF='readelf'
SED='/usr/bin/sed'
SET_MAKE=''
SHELL='/bin/sh'
STRIP=''
USE_LIBTOOL_FALSE=''
USE_LIBTOOL_TRUE='#'
VERSION='4.1.0'
ac_ct_CC=''
ac_ct_DUMPBIN=''
aext='a'
am__EXEEXT_FALSE=''
am__EXEEXT_TRUE='#'
am__fastdepCC_FALSE='#'
am__fastdepCC_TRUE=''
am__include='include'
am__isrc=' -I$(srcdir)'
am__leading_dot='.'
am__nodep='_no'
am__quote=''
am__tar='$${TAR-tar} chof - "$$tardir"'
am__untar='$${TAR-tar} xf -'
bindir='${exec_prefix}/bin'
build='x86_64-pc-linux-gnu'
build_alias=''
build_cpu='x86_64'
build_os='linux-gnu'
build_vendor='pc'
datadir='${datarootdir}'
datarootdir='${prefix}/share'
docdir='${datarootdir}/doc/${PACKAGE_TARNAME}'
dvidir='${docdir}'
exec_prefix='${prefix}'
extra_dir=''
host='x86_64-pc-linux-gnu'
host_alias=''
host_cpu='x86_64'
host_os='linux-gnu'
host_vendor='pc'
htmldir='${docdir}'
includedir='${prefix}/include'
infodir='${datarootdir}/info'
install_sh='${SHELL} /home/yutarofire/dev/newlib-cygwin/install-sh'
libdir='${exec_prefix}/lib'
libexecdir='${exec_prefix}/libexec'
libm_machine_dir='x86_64'
localedir='${datarootdir}/locale'
localstatedir='${prefix}/var'
lpfx='lib_a-'
machine_dir='x86_64'
mandir='${datarootdir}/man'
mkdir_p='/usr/bin/mkdir -p'
newlib_basedir='../../../newlib-cygwin/newlib/libc/..'
oext='o'
oldincludedir='/usr/include'
pdfdir='${docdir}'
prefix='/usr/local'
program_transform_name='s,x,x,'
psdir='${docdir}'
sbindir='${exec_prefix}/sbin'
shared_machine_dir='shared_x86'
sharedstatedir='${prefix}/com'
subdirs=' machine sys'
sys_dir=''
sysconfdir='${prefix}/etc'
target_alias='x86_64-elf'

## ----------- ##
## confdefs.h. ##
## ----------- ##

/* confdefs.h */
#define PACKAGE_NAME "newlib"
#define PACKAGE_TARNAME "newlib"
#define PACKAGE_VERSION "4.1.0"
#define PACKAGE_STRING "newlib 4.1.0"
#define PACKAGE_BUGREPORT ""
#define PACKAGE_URL ""

configure: exit 0
